<?xml version="1.0" encoding="UTF-8"?>
<!-- Generated by org.testng.reporters.JUnitReportReporter -->
<testsuite skipped="0" hostname="madhavareddy.mtv.corp.google.com" name="com.github.selenium.testamazon.tests.RegressionTests" tests="2" failures="0" timestamp="01 Sep 2017 23:24:21 GMT" time="7.655" errors="0">
  <testcase name="testLoginPage" time="5.985" classname="com.github.selenium.testamazon.tests.RegressionTests"/>
  <testcase name="testCreateWatchList" time="1.670" classname="com.github.selenium.testamazon.tests.RegressionTests"/>
</testsuite> <!-- com.github.selenium.testamazon.tests.RegressionTests -->
